Build started 04-09-2025 13:05:52.
     1>Project "C:\CG project\computer_graphics\cg_project\cg_project\cg_project.vcxproj" on node 2 (build target(s)).
     1>PrepareForBuild:
         Creating directory "C:\CG project\computer_graphics\cg_project\Debug\".
       InitializeBuildStatus:
         Creating "Debug\cg_project.unsuccessfulbuild" because "AlwaysCreate" was specified.
       ClCompile:
         c:\Program Files (x86)\Microsoft Visual Studio 10.0\VC\bin\CL.exe /c /ZI /nologo /W3 /WX- /Od /Oy- /D _MBCS /Gm /EHsc /RTC1 /MDd /GS /fp:precise /Zc:wchar_t /Zc:forScope /Fo"Debug\\" /Fd"Debug\vc100.pdb" /Gd /TP /analyze- /errorReport:prompt menu_operations.cpp
         menu_operations.cpp
       Link:
         c:\Program Files (x86)\Microsoft Visual Studio 10.0\VC\bin\link.exe /ERRORREPORT:PROMPT /OUT:"C:\CG project\computer_graphics\cg_project\Debug\cg_project.exe" /NOLOGO kernel32.lib user32.lib gdi32.lib winspool.lib comdlg32.lib advapi32.lib shell32.lib ole32.lib oleaut32.lib uuid.lib odbc32.lib odbccp32.lib /MANIFEST /ManifestFile:"Debug\cg_project.exe.intermediate.manifest" /MANIFESTUAC:"level='asInvoker' uiAccess='false'" /DEBUG /PDB:"C:\CG project\computer_graphics\cg_project\Debug\cg_project.pdb" /TLBID:1 /DYNAMICBASE /NXCOMPAT /IMPLIB:"C:\CG project\computer_graphics\cg_project\Debug\cg_project.lib" /MACHINE:X86 Debug\menu_operations.obj
         cg_project.vcxproj -> C:\CG project\computer_graphics\cg_project\Debug\cg_project.exe
       Manifest:
         c:\Program Files (x86)\Microsoft SDKs\Windows\v7.0A\bin\mt.exe /nologo /verbose /outputresource:"C:\CG project\computer_graphics\cg_project\Debug\cg_project.exe;#1" /manifest Debug\cg_project.exe.intermediate.manifest
       FinalizeBuildStatus:
         Deleting file "Debug\cg_project.unsuccessfulbuild".
         Touching "Debug\cg_project.lastbuildstate".
     1>Done Building Project "C:\CG project\computer_graphics\cg_project\cg_project\cg_project.vcxproj" (build target(s)).

Build succeeded.

Time Elapsed 00:00:01.41
